
Creating table ACUERDOPAGO
==========================


Table created

Comment added

Comment added

Comment added

Comment added

Comment added

Comment added

Comment added

Comment added

Comment added

Comment added

Comment added

Comment added

Comment added

Comment added

Comment added

Comment added

Comment added

Comment added

Comment added

Comment added

Comment added

Comment added

Comment added

Comment added

Comment added

Table altered

Creating table BANCO
====================


Table created

Comment added

Comment added

Comment added

Comment added

Comment added

Comment added

Comment added

Comment added

Table altered

Creating table COMPARENDO_2007
==============================


Table created

Creating table CONCEPTO
=======================


Table created

Comment added

Comment added

Table altered

Creating table CONCEPTOSIDENTIFICAR
===================================


Table created

Comment added

Comment added

Creating table CONCESIONARIO
============================


Table created

Comment added

Comment added

Comment added

Comment added

Comment added

Comment added

Comment added

Comment added

Comment added

Table altered

Creating table CONTROL_ENVIO
============================


Table created

Table altered

Creating table CONTROL_ENVIO_REG
================================


Table created

Table altered

Creating table CONTROL_RPTA
===========================


Table created

Creating table CONTROLTECHO
===========================


Table created

Comment added

Comment added

Comment added

Comment added

Table altered

Creating table CTA_DISPERSION_CONCESIONARIO
===========================================


Table created

Comment added

Comment added

Comment added

Comment added

Comment added

Comment added

Comment added

Table altered

Table altered

Table altered

Table altered

Creating table CTA_DISPERSION_FCM
=================================


Table created

Comment added

Comment added

Comment added

Comment added

Comment added

Comment added

Comment added

Comment added

Comment added

Comment added

Comment added

Comment added

Comment added

Comment added

Comment added

Comment added

Comment added

Table altered

Table altered

Table altered

Table altered

Creating table CTA_DISPERSION_TERCERO
=====================================


Table created

Comment added

Comment added

Comment added

Comment added

Comment added

Table altered

Table altered

Creating table CTA_RECAUDO_CONCESIONARIO
========================================


Table created

Comment added

Comment added

Comment added

Comment added

Comment added

Comment added

Comment added

Comment added

Comment added

Table altered

Table altered

Table altered

Table altered

Creating table FCM
==================


Table created

Comment added

Comment added

Comment added

Comment added

Comment added

Comment added

Comment added

Comment added

Comment added

Comment added

Comment added

Comment added

Comment added

Comment added

Comment added

Comment added

Comment added

Comment added

Comment added

Comment added

Comment added

Comment added

Comment added

Comment added

Comment added

Comment added

Comment added

Comment added

Comment added

Comment added

Comment added

Comment added

Comment added

Comment added

Comment added

Comment added

Comment added

Comment added

Comment added

Comment added

Comment added

Comment added

Comment added

Comment added

Table altered

Table altered

Table altered

Creating table CTA_RECAUDO_FCM
==============================


Table created

Comment added

Comment added

Comment added

Comment added

Comment added

Comment added

Comment added

Comment added

Comment added

Comment added

Comment added

Table altered

Table altered

Table altered

Table altered

Creating table DATOS_LIQUIDACION
================================


Table created

Comment added

Index created

Creating table DATOS_LIQUIDACION_FOTO
=====================================


Table created

Creating table DEPARTAMENTAL
============================


Table created

Comment added

Comment added

Table altered

Creating table DEPARTAMENTO
===========================


Table created

Comment added

Comment added

Table altered

Creating table MUNICIPIO
========================


Table created

Comment added

Comment added

Comment added

Comment added

Comment added

Comment added

Comment added

Comment added

Comment added

Comment added

Comment added

Comment added

Comment added

Comment added

Comment added

Comment added

Table altered

Table altered

Table altered

Table altered

Table altered

Creating table DIAS_DISPERSION
==============================


Table created

Comment added

Comment added

Comment added

Comment added

Comment added

Comment added

Comment added

Comment added

Comment added

Comment added

Table altered

Table altered

Table altered

Creating table DIAS_DISPERSION_RECLOC
=====================================


Table created

Comment added

Comment added

Comment added

Comment added

Comment added

Comment added

Table altered

Creating table ERRORS
=====================


Table created

Comment added

Comment added

Comment added

Comment added

Comment added

Table altered

Creating table ESTADOACUERDO
============================


Table created

Table altered

Creating table FECHA_NO_HABIL
=============================


Table created

Comment added

Table altered

Creating table FONDOCONT
========================


Table created

Comment added

Comment added

Comment added

Comment added

Comment added

Creating table FUNCIONARIOS_CONCESIONARIO
=========================================


Table created

Comment added

Comment added

Comment added

Creating table GRUPO_CORREO
===========================


Table created

Comment added

Comment added

Comment added

Creating table HISTCTAMUN
=========================


Table created

Table altered

Creating table HIST_VOBO
========================


Table created

Comment added

Comment added

Comment added

Comment added

Comment added

Comment added

Comment added

Comment added

Comment added

Table altered

Creating table IDEMASIVO_TEMP
=============================


Table created

Creating table IMPTRXSINIDENTIFICAR
===================================


Table created

Creating table LOB_TAB
======================


Table created

Creating table LOB_TAB_MINE
===========================


Table created

Comment added

Creating table LOG
==================


Table created

Comment added

Comment added

Comment added

Comment added

Creating table MENU
===================


Table created

Comment added

Comment added

Comment added

Comment added

Comment added

Creating table MENUXROL
=======================


Table created

Comment added

Comment added

Creating table MOTIVOAJUSTE
===========================


Table created

Table altered

Creating table MVTOAGRARIO
==========================


Table created

Comment added

Comment added

Comment added

Comment added

Comment added

Comment added

Comment added

Comment added

Comment added

Comment added

Comment added

Comment added

Creating table MVTOAGRARIO_TEMP
===============================


Table created

Comment added

Creating table MVTOAVVILLAS
===========================


Table created

Comment added

Comment added

Comment added

Comment added

Comment added

Comment added

Comment added

Comment added

Comment added

Comment added

Comment added

Comment added

Comment added

Comment added

Creating table MVTOAVVILLAS_TEMP
================================


Table created

Creating table MVTOBANCAFE
==========================


Table created

Comment added

Creating table MVTOBANCAFE_TEMP
===============================


Table created

Comment added

Creating table MVTODAVIVIENDA
=============================


Table created

Comment added

Creating table MVTODAVIVIENDA_TEMP
==================================


Table created

Comment added

Creating table MVTOPOPULAR
==========================


Table created

Comment added

Comment added

Comment added

Comment added

Comment added

Comment added

Comment added

Comment added

Comment added

Comment added

Comment added

Comment added

Comment added

Comment added

Comment added

Comment added

Creating table MVTOPOPULAR_TEMP
===============================


Table created

Comment added

Creating table NOVDEV_HIST
==========================


Table created

Creating table NOVDEVOLUCION
============================


Table created

Comment added

Comment added

Comment added

Comment added

Comment added

Comment added

Comment added

Comment added

Comment added

Comment added

Comment added

Comment added

Comment added

Comment added

Comment added

Comment added

Comment added

Comment added

Comment added

Comment added

Comment added

Comment added

Comment added

Comment added

Comment added

Comment added

Comment added

Comment added

Table altered

Table altered

Table altered

Table altered

Table altered

Table altered

Creating table NOVDIAS_DISPERSION
=================================


Table created

Comment added

Comment added

Comment added

Comment added

Comment added

Comment added

Comment added

Comment added

Comment added

Comment added

Comment added

Comment added

Comment added

Comment added

Comment added

Comment added

Comment added

Comment added

Comment added

Comment added

Comment added

Comment added

Comment added

Comment added

Comment added

Comment added

Table altered

Creating table NOVMUNICIPIO
===========================


Table created

Comment added

Comment added

Comment added

Comment added

Comment added

Comment added

Comment added

Comment added

Comment added

Comment added

Comment added

Comment added

Comment added

Comment added

Comment added

Comment added

Comment added

Comment added

Comment added

Comment added

Comment added

Comment added

Comment added

Comment added

Comment added

Comment added

Comment added

Comment added

Comment added

Comment added

Comment added

Comment added

Comment added

Comment added

Comment added

Comment added

Table altered

Table altered

Table altered

Table altered

Creating table NOVTERCERO
=========================


Table created

Comment added

Comment added

Comment added

Comment added

Comment added

Comment added

Comment added

Comment added

Comment added

Comment added

Comment added

Comment added

Comment added

Comment added

Comment added

Comment added

Comment added

Comment added

Comment added

Comment added

Comment added

Comment added

Comment added

Comment added

Comment added

Comment added

Table altered

Table altered

Creating table NOVVALIDADOR_FECHA
=================================


Table created

Comment added

Comment added

Comment added

Comment added

Comment added

Comment added

Comment added

Comment added

Comment added

Comment added

Comment added

Comment added

Comment added

Comment added

Comment added

Comment added

Comment added

Comment added

Comment added

Comment added

Comment added

Comment added

Comment added

Comment added

Comment added

Comment added

Table altered

Table altered

Creating table OFICINABANCO
===========================


Table created

Comment added

Comment added

Comment added

Comment added

Table altered

Creating table PADRE
====================


Table created

Comment added

Comment added

Comment added

Creating table PAR_CONTA
========================


Table created

Comment added

Comment added

Comment added

Table altered

Creating table P_DISPERSION_CONCESIONARIO
=========================================


Table created

Comment added

Comment added

Comment added

Comment added

Comment added

Comment added

Comment added

Comment added

Comment added

Comment added

Comment added

Comment added

Comment added

Comment added

Comment added

Comment added

Comment added

Comment added

Comment added

Comment added

Comment added

Comment added

Comment added

Comment added

Comment added

Comment added

Comment added

Comment added

Comment added

Comment added

Comment added

Comment added

Comment added

Comment added

Comment added

Comment added

Comment added

Comment added

Comment added

Comment added

Comment added

Comment added

Comment added

Comment added

Comment added

Comment added

Comment added

Comment added

Comment added

Comment added

Comment added

Comment added

Comment added

Comment added

Comment added

Table altered

Table altered

Creating table P_DISPERSION_MUNICIPIO
=====================================


Table created

Comment added

Comment added

Comment added

Comment added

Comment added

Comment added

Comment added

Comment added

Comment added

Table altered

Table altered

Creating table PERSON
=====================


Table created

Comment added

Comment added

Comment added

Comment added

Comment added

Comment added

Comment added

Creating table RECAUDLO_LOCAL_AJUSTES201609
===========================================


Table created

Creating table RECAUDO_EXT_DISP_TOT_CON_FEC
===========================================


Table created

Creating table RECAUDO_EXTERNO
==============================


Table created

Comment added

Comment added

Comment added

Comment added

Comment added

Comment added

Comment added

Comment added

Comment added

Comment added

Comment added

Comment added

Comment added

Comment added

Comment added

Comment added

Comment added

Comment added

Comment added

Comment added

Comment added

Comment added

Comment added

Comment added

Index created

Table altered

Creating table RECAUDO_EXTERNO_CAPITAL
======================================


Table created

Creating table RECAUDO_EXTERNO_CAUSACION
========================================


Table created

Comment added

Comment added

Comment added

Comment added

Comment added

Comment added

Comment added

Comment added

Comment added

Comment added

Comment added

Comment added

Comment added

Comment added

Comment added

Comment added

Comment added

Comment added

Comment added

Creating table RECAUDO_EXTERNO_CONTABILIDAD
===========================================


Table created

Comment added

Comment added

Comment added

Comment added

Comment added

Comment added

Comment added

Comment added

Comment added

Comment added

Comment added

Comment added

Comment added

Comment added

Comment added

Comment added

Comment added

Comment added

Comment added

Comment added

Comment added

Comment added

Comment added

Comment added

Comment added

Comment added

Comment added

Comment added

Index created

Index created

Index created

Creating table RECAUDO_EXTERNO_DISP
===================================


Table created

Comment added

Comment added

Comment added

Comment added

Comment added

Comment added

Comment added

Comment added

Comment added

Comment added

Comment added

Comment added

Comment added

Comment added

Comment added

Comment added

Comment added

Comment added

Comment added

Comment added

Comment added

Comment added

Comment added

Comment added

Comment added

Comment added

Comment added

Comment added

Index created

Index created

Index created

Index created

Index created

Index created

Creating table RECAUDO_EXTERNO_DISP_CAP
=======================================


Table created

Creating table RECAUDO_EXTERNO_DISP_TOT
=======================================


Table created

Comment added

Comment added

Comment added

Comment added

Comment added

Comment added

Comment added

Comment added

Comment added

Comment added

Comment added

Comment added

Comment added

Comment added

Comment added

Comment added

Comment added

Comment added

Comment added

Comment added

Comment added

Comment added

Comment added

Comment added

Comment added

Comment added

Comment added

Comment added

Comment added

Comment added

Comment added

Comment added

Comment added

Comment added

Comment added

Comment added

Comment added

Comment added

Comment added

Comment added

Index created

Index created

Index created

Index created

Index created

Index created

Index created

Index created

Creating table RECAUDO_EXTERNO_DISP20170801
===========================================


Table created

Creating table RECAUDO_EXTERNO_FOTO
===================================


Table created

Creating table RECAUDO_EXTERNO_LIQUIDACION
==========================================


Table created

Comment added

Comment added

Comment added

Comment added

Comment added

Comment added

Comment added

Comment added

Comment added

Comment added

Comment added

Comment added

Comment added

Comment added

Comment added

Comment added

Comment added

Comment added

Comment added

Comment added

Comment added

Comment added

Comment added

Comment added

Comment added

Comment added

Comment added

Comment added

Comment added

Comment added

Comment added

Comment added

Comment added

Comment added

Comment added

Comment added

Comment added

Comment added

Comment added

Comment added

Comment added

Comment added

Comment added

Comment added

Comment added

Comment added

Comment added

Comment added

Comment added

Comment added

Comment added

Comment added

Comment added

Comment added

Comment added

Comment added

Comment added

Comment added

Comment added

Comment added

Comment added

Comment added

Comment added

Comment added

Comment added

Comment added

Comment added

Comment added

Comment added

Comment added

Comment added

Comment added

Comment added

Comment added

Comment added

Comment added

Comment added

Comment added

Comment added

Comment added

Comment added

Comment added

Comment added

Comment added

Comment added

Comment added

Comment added

Comment added

Comment added

Comment added

Comment added

Comment added

Comment added

Comment added

Comment added

Comment added

Comment added

Comment added

Comment added

Comment added

Comment added

Comment added

Comment added

Comment added

Comment added

Comment added

Comment added

Comment added

Comment added

Comment added

Comment added

Comment added

Comment added

Comment added

Comment added

Comment added

Comment added

Comment added

Index created

Index created

Index created

Index created

Index created

Index created

Index created

Index created

Table altered

Creating table RECAUDO_EXTERNO_LIQ_20151125
===========================================


Table created

Creating table RECAUDO_EXTERNO_LIQ_201701
=========================================


Table created

Creating table RECAUDO_EXTERNO_TEMP
===================================


Table created

Table altered

Creating table RECAUDO_LOCAL
============================


Table created

Comment added

Comment added

Comment added

Comment added

Comment added

Comment added

Comment added

Comment added

Comment added

Comment added

Comment added

Comment added

Comment added

Comment added

Comment added

Comment added

Comment added

Comment added

Comment added

Creating table RECAUDO_LOCAL_AJUSTES
====================================


Table created

Comment added

Comment added

Comment added

Comment added

Comment added

Comment added

Comment added

Comment added

Comment added

Comment added

Comment added

Comment added

Comment added

Comment added

Comment added

Comment added

Table altered

Creating table RECAUDO_LOCAL_CAUSACION
======================================


Table created

Comment added

Comment added

Comment added

Comment added

Comment added

Comment added

Comment added

Comment added

Comment added

Comment added

Comment added

Comment added

Comment added

Comment added

Comment added

Comment added

Comment added

Comment added

Comment added

Creating table RECAUDO_LOCAL_DISP
=================================


Table created

Comment added

Comment added

Comment added

Comment added

Comment added

Comment added

Comment added

Comment added

Comment added

Comment added

Comment added

Comment added

Comment added

Comment added

Comment added

Comment added

Comment added

Comment added

Comment added

Comment added

Comment added

Comment added

Comment added

Comment added

Comment added

Comment added

Comment added

Creating table RECAUDO_LOCAL_DISP_TOT
=====================================


Table created

Creating table RECAUDO_LOCAL_LIQ_HIS
====================================


Table created

Table altered

Creating table RECAUDO_LOCAL_LIQUIDACION
========================================


Table created

Comment added

Comment added

Comment added

Comment added

Comment added

Comment added

Comment added

Comment added

Comment added

Comment added

Comment added

Comment added

Comment added

Comment added

Comment added

Comment added

Comment added

Comment added

Comment added

Comment added

Comment added

Comment added

Comment added

Comment added

Comment added

Comment added

Comment added

Comment added

Comment added

Comment added

Comment added

Comment added

Comment added

Comment added

Comment added

Comment added

Comment added

Comment added

Comment added

Comment added

Comment added

Comment added

Comment added

Comment added

Comment added

Comment added

Comment added

Comment added

Comment added

Comment added

Comment added

Comment added

Comment added

Comment added

Comment added

Comment added

Comment added

Comment added

Comment added

Comment added

Comment added

Comment added

Comment added

Comment added

Creating table RECAUDO_LOCAL_OLD
================================


Table created

Comment added

Comment added

Comment added

Comment added

Comment added

Comment added

Comment added

Comment added

Comment added

Comment added

Comment added

Comment added

Creating table RECAUDO_LOCAL_TEMP
=================================


Table created

Comment added

Comment added

Comment added

Comment added

Comment added

Comment added

Comment added

Comment added

Comment added

Comment added

Comment added

Comment added

Comment added

Comment added

Creating table RECAUDO_LOCAL_VALIDACION
=======================================


Table created

Comment added

Comment added

Comment added

Creating table RECAUDO_LOCAL_201609
===================================


Table created

Creating table RECEXTSERVITDIC
==============================


Table created

Creating table RECEXTSEVIAL
===========================


Table created

Creating table REC_LOC_HIST_BQUILLA
===================================


Table created

Creating table REC_LOC_HIST_PAGO
================================


Table created

Table altered

Creating table REC_LOC_HIST_PAGO_TEMP
=====================================


Table created

Table altered

Creating table REC_SERVIR_2018
==============================


Table created

Creating table REPROCESO
========================


Table created

Comment added

Comment added

Comment added

Comment added

Comment added

Table altered

Creating table RESULPROCTRF
===========================


Table created

Creating table ROL
==================


Table created

Comment added

Comment added

Comment added

Comment added

Creating table ROLXPERSON
=========================


Table created

Comment added

Comment added

Creating table RPT1
===================


Table created

Creating table RTAACHTXDAV
==========================


Table created

Creating table RTAPRETXDAV
==========================


Table created

Creating table RTATXVILLAS_CTR
==============================


Table created

Creating table RTATXVILLAS_DET
==============================


Table created

Creating table SALARIO_MINIMO
=============================


Table created

Comment added

Comment added

Table altered

Table altered

Creating table SIMIT.IMPTRXSINIDENTIFICAR
=========================================


create table SIMIT.IMPTRXSINIDENTIFICAR
(
  idbanco               CHAR(2),
  cuenta                VARCHAR2(16),
  periodo               CHAR(6),
  numerotrx             NUMBER,
  fechatrx              DATE,
  descripciontrx        VARCHAR2(250),
  valortrx              NUMBER,
  oficinaorigen         VARCHAR2(250),
  indtipo               CHAR(5),
  idmunicipio           CHAR(8),
  p_consignado          NUMBER,
  fechacargue           DATE,
  usuariocargue         NUMBER,
  fechaidentificacion   DATE,
  usuarioidentificacion NUMBER,
  indtipoiden           CHAR(5),
  idmunicipioiden       CHAR(8),
  p_consignadoiden      NUMBER,
  observaciones         VARCHAR2(500),
  numsecuenciareg       NUMBER not null,
  estadoiden            CHAR(2),
  concesionariozon      CHAR(2),
  referencia            VARCHAR2(250),
  quincena              CHAR(2),
  fechaliq              DATE,
  vigencia              VARCHAR2(500),
  fechainicio           DATE,
  fechafin              DATE
)

ORA-00955: name is already used by an existing object

Creating table SOPORTEAJUSTESRECLOC
===================================


Table created

Comment added

Comment added

Comment added

Comment added

Comment added

Comment added

Comment added

Comment added

Table altered

Table altered

Creating table SOPORTEDEVOLUCION
================================


Table created

Comment added

Comment added

Comment added

Comment added

Comment added

Comment added

Comment added

Comment added

Table altered

Creating table TECHOUTILIZADO
=============================


Table created

Table altered

Creating table TERCERO
======================


Table created

Comment added

Comment added

Comment added

Comment added

Comment added

Comment added

Comment added

Comment added

Comment added

Comment added

Comment added

Table altered

Table altered

Table altered

Table altered

Creating table TERCERO_OT
=========================


Table created

Comment added

Comment added

Comment added

Comment added

Comment added

Comment added

Comment added

Comment added

Comment added

Comment added

Comment added

Comment added

Comment added

Table altered

Creating table TIPOMVTO
=======================


Table created

Creating table TRFPOLCA
=======================


Table created

Comment added

Table altered

Creating table TRXSINIDENTIFICAR
================================


Table created

Comment added

Comment added

Comment added

Comment added

Comment added

Comment added

Comment added

Comment added

Comment added

Comment added

Comment added

Comment added

Comment added

Comment added

Comment added

Comment added

Comment added

Comment added

Comment added

Comment added

Comment added

Comment added

Comment added

Comment added

Comment added

Comment added

Comment added

Comment added

Index created

Index created

Index created

Index created

Index created

Table altered

Creating table TRXSINIDENTIFICAR_NEL
====================================


Table created

Creating table TRXSINIDENTIFICAR_0320
=====================================


Table created

Creating table TRXSINIDENTIFICAR_201609
=======================================


Table created

Creating table TRXSINIDENTIFICAR_201802
=======================================


Table created

Creating table TRXSINIDEN3112
=============================


Table created

Creating table UPLOAD
=====================


Table created

Comment added

Comment added

Comment added

Comment added

Comment added

Comment added

Creating table UPLOADBIN
========================


Table created

Table altered

Creating table VALIDADOR_FECHA
==============================


Table created

Comment added

Comment added

Comment added

Comment added

Comment added

Comment added

Comment added

Comment added

Comment added

Comment added

Comment added

Comment added

Comment added

Comment added

Comment added

Table altered

Table altered

Creating table VALIDA_MINE
==========================


Table created

Creating table VISTOBUENO
=========================


Table created

Comment added

Comment added

Comment added

Comment added

Comment added

Comment added

Comment added

Comment added

Comment added

Creating sequence SEQ_ACUERDO
=============================


Sequence created

Creating sequence SEQ_ERRORS
============================


Sequence created

Creating sequence SEQ_IDE
=========================


Sequence created

Creating sequence SEQ_MENU
==========================


Sequence created

Creating sequence SEQ_MVTO
==========================


Sequence created

Creating sequence SEQ_NOVEDAD
=============================


Sequence created

Creating sequence SEQ_NOVEDADHIST
=================================


Sequence created

Creating sequence SEQ_RECAUDO_EXTERNO
=====================================


Sequence created

Creating sequence SEQ_RECAUDO_EXTERNO_LIQ
=========================================


Sequence created

Creating sequence SEQ_RECAUDO_EXTERNO_TEMP
==========================================


Sequence created

Creating sequence SEQ_RECAUDO_LOCAL_AJUSTES
===========================================


Sequence created

Creating sequence SEQ_RECAUDO_LOCAL_LIQUIDACION
===============================================


Sequence created

Creating sequence SEQ_RECAUDO_LOCAL_VALIDACION
==============================================


Sequence created

Creating sequence SEQ_ROL
=========================


Sequence created

Creating sequence SEQ_TRANSFERENCIA
===================================


Sequence created

Creating sequence SEQ_UPLOADS
=============================


Sequence created

Creating sequence SEQ_VOBO
==========================


Sequence created

Creating synonym DIVIPOFECHACORTE
=================================


Synonym created

Creating view TRANSFERENCIAS_SDF
================================


View created

Creating function SEGURIDAD_DESENCRIPTAR
========================================


Function created

Creating package PK_AUTEN
=========================


Package created

Creating function DESENCRIPTAR
==============================


Function created

Creating view VW_ACUERDOPAGO
============================


View created

Creating view VW_ACUERDOPAGO_CONSULTA
=====================================


View created

Creating view VW_ACUERDOPAGOESTADO
==================================


View created

Creating view VW_ACUERDOPAGOPERIODO
===================================


View created

Creating view VW_CARGOS
=======================


View created

Creating view VW_CAUSAGASPOLCAEXTERNO
=====================================


View created

Creating view VW_CAUSAGASPOLCALOCAL
===================================


View created

Creating view VW_CAUSAGASSIMITEXTERNO
=====================================


View created

Creating view VW_CAUSAGASSIMITLOCAL
===================================


View created

Creating view VW_CAUSAINGPOLCAEXTERNO
=====================================


View created

Creating view VW_CAUSAINGPOLCALOCAL
===================================


View created

Creating view VW_CAUSAINGSIMITEXTERNO
=====================================


View created

Creating view VW_CAUSAINGSIMITLOCAL
===================================


View created

Creating view VW_COBROSDEV
==========================


View created

Creating view VW_CONCEPTOPAGO
=============================


View created

Creating view VW_CONCEPTOPAGOLOC
================================


View created

Creating view VW_CONCESIONARIOTRF
=================================


View created

Creating view VW_CONTROL_RPTA
=============================


View created

Creating view VW_CONTROLTECHO
=============================


View created

Creating view VW_CUENTAORIGEN
=============================


View created

Creating view VW_CUENTAORIGENDEV
================================


View created

Creating view VW_CUENTAORIGENLOC
================================


View created

Creating view VW_CUENTAS
========================


View created

Creating view VW_CUENTATRF
==========================


View created

Creating view VW_DEVOLUCIONESACH
================================


from recaudo_externo_disp_tot d, banco bo, banco bd
 where --enviadobanco = 1 and
       bo.idbanco = d.ori_idbanco
   and bd.idbanco = d.des_idbanco
union
select fechaproceso as fec_dispersion,
       'OPERACION ACH NO REGISTRADA EN SDF' as concepto,
       bancoorigen as ori_idbanco,
       bo.nombre bancoOrigen,
       numerodecuentaorigen as ori_cuenta,
       bancodestino as des_idbanco,
       bd.nombre bancoDestino,
       tipodecuentadestino as des_tipocuenta,
       numerodecuentadestino as cuentaDestino,
       numeroidentificaciondestino as des_nit,
       '' as indtipo,
       valortransferencia as valor,
       '' as idmunicipio,
       'REC' as estadoTrf,
       null as fechaenvio,
       null as fechaconfirmada,
       fechaproceso as fechadevolucion,
       mensajederespuesta as motivodevolucion,
       codigoderespuesta as codigodevolucion,
       mensajederespuesta as mensajeEstado,
       fechaproceso as fechaEstado,
       0 as referenciatrf
  from resulproctrf, banco bo, banco bd
 where tipocargue = 'ACH'
   and regcruzo is null
   and bo.idbanco = bancoorigen
   and bd.idbanco = bancodestino

ORA-00900: invalid SQL statement

Creating view VW_DISPOLCAEXTERNO
================================


View created

Creating view VW_DISSIMITEXTERNO
================================


View created

Creating view VW_DISTOTDETALLADO
================================


View created

Creating view VW_RECAUDO_EXTERNO_DISP_TOT
=========================================


View created

Creating view VW_DISTRFSIMITEXTERNO
===================================


View created

Creating view VW_RECAUDO_EXTERNO_DISP
=====================================


View created

Creating view VW_DISTRFSIMITEXTERNOFEC
======================================


View created

Creating view VW_IDENTDEV
=========================


View created

Creating view VW_INDTIPO
========================


View created

Creating view VW_LIQSIMITEXTERNO
================================


from recaudo_externo_liquidacion a, recaudo_externo b, municipio m, departamento d
where a.id_recaudo_externo = b.id_recaudo_externo
and m.idmunicipio = a.idmunicipio
and m.iddepartamento = d.iddepartamento
and a.indtipo = 'SIMIT'
union
select
       a.cta_recaudo "CuentaRecaudo",
       b.fec_tran "FechaRecaudo",
       a.fec_corte "FechaProceso",
       a.fec_dispersion "FechaDispersion",
       a.fec_dispersion_con "FecDispCon",
       b.oficina_origen "Oficina",
       a.num_liquidacion "NumeroLiquidacion",
       ('''' || b.num_comparendo) "Comparendo",
       b.fec_comparendo "FechaComp",
       b.identificacion "Identificacion",
       a.idmunicipio "Divipo",
       m.nombre "Municipio",
       d.nombre "Departamento",
       a.indtipo "TipoRecaudo",
       a.id_concesionario_liq "IdConcesionarioLiquidador",
       a.id_concesionario_pro "IdConcesionarioZon",
       a.validador_fecha "Validador",
       a.indfecha2002 "Fecha2002",
       a.valor_total "VRecaudo",
       a.valor_adicional "VAdicional",
       a.p_valor_1 "VBase",
       a.p_valor_2 "VSimitBase",
       a.p_valor_4 "VCLiquidador",
       a.p_valor_3 + a.p_valor_8 "VSimit",
       a.p_valor_6 "VFCSimt",
       a.p_valor_5 "VFCConcesionario",
       decode(a.id_concesionario_liq,5, 0, a.p_valor_7 ) "VEquilibrio",
       decode(a.id_concesionario_liq,5, a.p_valor_7,  0 ) "EE18",
       a.p_valor_10 "EE2",
       a.p_valor_9 "VSevial3",
       a.p_valor_14 "VSevial27",
       a.p_valor_18 "VIva27",
       a.p_valor_13 "VFCM18",
       a.p_valor_16 "VIva18",
       ( case when to_char(a.fec_corte, 'yyyymmdd') <= '20160920' then a.p_valor_12 - a.p_valor_18 - a.p_valor_16 else a.p_valor_12 end ) "VPolca",
       a.p_valor_20 "VTimbre27",
       a.p_valor_17 "VTimbre27_18",
       a.p_valor_19 "VRetencion27",
       a.p_valor_24 "VOperadorCon",
       a.p_valor_25 "VFCMCon",
       a.p_valor_32 "VTercero1",
       a.p_valor_34 "VTercero2",
       a.p_valor_36 "VTercero3",
       a.p_valor_39 "VMunicipio",
       a.p_valor_23 "VAcuerdo",
       a.p_valor_27 "VIVACon",
       a.p_valor_28 "VTimbreCon",
       a.p_valor_29 "VRetencionContConc",
       a.p_valor_44 "VTimbreContConc",
       decode(a.idbanco,'51','50',a.idbanco) "BancoRec",
       ( a.p_valor_14 + a.p_valor_19 - a.p_valor_18 ) "VSevial27Base",
       a.fondorenovacion "FondoRenov",
       a.fondorenov27,
       a.fondorenov3,
       a.fondorenov35,
       a.fondorenov7,
       DECODE (a.medioimposicion, 'F','FOTO DETECCION','OTRO MEDIO IMPOSICION') medioimposicion
from recaudo_externo_liquidacion a, recaudo_externo b, municipio m, departamento d
where a.id_recaudo_externo = b.id_recaudo_externo
and m.idmunicipio = a.idmunicipio
and m.iddepartamento = d.iddepartamento
and a.indtipo = 'POLCA'

ORA-00900: invalid SQL statement

Creating view VW_LIQSIMITEXTERNO_VOBO
=====================================


Warning: View created with compilation errors

Creating view VW_MUNICIPIO_NOV
==============================


View created

Creating view VW_MUNICIPIOTRF
=============================


View created

Creating view VW_PCONSIGANDO
============================


View created

Creating view VW_PERIODOTRF
===========================


View created

Creating view VW_RECAUDO_EXTERNO_LIQUIDACION
============================================


View created

Creating view VW_REC_LOC_HIST_DEUDA
===================================


Warning: View created with compilation errors

Creating view VW_REC_LOC_HIST_DEUDA_T
=====================================


Warning: View created with compilation errors

Creating view VW_RECLOC_POLCA
=============================


View created

Creating view VW_RECLOC_POLCA_TOT
=================================


View created

Creating view VW_RECLOC_SIMIT_TOT
=================================


View created

Creating view VW_RPT_MUNICIPIOS
===============================


View created

Creating view VW_RPT1_DETALLE
=============================


FROM
     "SIMIT"."MUNICIPIO" MUNICIPIO INNER JOIN "SIMIT"."RECAUDO_EXTERNO_LIQUIDACION" RECAUDO_EXTERNO_LIQUIDACION ON MUNICIPIO."IDMUNICIPIO" = RECAUDO_EXTERNO_LIQUIDACION."IDMUNICIPIO"
     INNER JOIN "SIMIT"."CONCESIONARIO" CONCESIONARIO ON RECAUDO_EXTERNO_LIQUIDACION."ID_CONCESIONARIO_LIQ" = CONCESIONARIO."IDCONCESIONARIO"
     where ind_proceso = 1
UNION
SELECT
     RECAUDO_LOCAL_LIQUIDACION."FEC_CORTE" AS FEC_CORTE,
     'LOCAL' AS TIPOREC,
     RECAUDO_LOCAL_LIQUIDACION."INDTIPO" AS IND_TIPO,
     RECAUDO_LOCAL_LIQUIDACION."IDMUNICIPIO" AS IDMUNICIPIO,
     MUNICIPIO."NOMBRE" AS MUNICIPIO_NOMBRE,
     RECAUDO_LOCAL_LIQUIDACION."IDCONCESIONARIO" AS IDCONCESIONARIO,
     CONCESIONARIO."NOMBRE" AS CONCESIONARIO_NOMBRE,
     RECAUDO_LOCAL_LIQUIDACION."VALOR_TOTAL" AS VALOR_TOTAL,
     0 as VALOR_OT
FROM
     "SIMIT"."MUNICIPIO" MUNICIPIO INNER JOIN "SIMIT"."RECAUDO_LOCAL_LIQUIDACION" RECAUDO_LOCAL_LIQUIDACION ON MUNICIPIO."IDMUNICIPIO" = RECAUDO_LOCAL_LIQUIDACION."IDMUNICIPIO"
     INNER JOIN "SIMIT"."CONCESIONARIO" CONCESIONARIO ON RECAUDO_LOCAL_LIQUIDACION."IDCONCESIONARIO" = CONCESIONARIO."IDCONCESIONARIO"
     where ind_proceso = 1

ORA-00900: invalid SQL statement

Creating view VW_SIMIT_VALIDADOR_COMPARENDO
===========================================


View created

Creating view VW_SOPORTEDEVOLUCION
==================================


View created

Creating view VW_SOPORTES
=========================


View created

Creating view VW_T_CASOBQUILLA
==============================


View created

Creating view VW_TECHOUTILIZADO
===============================


View created

Creating view VW_TERCERO_OT
===========================


View created

Creating view VW_TRANSFERLOCAL
==============================


View created

Creating view VW_VALIDA_DULICIDAD
=================================


View created

Creating view VW_VALORTRF
=========================


View created

Creating view VW_V_DISPERCIONMUNI
=================================


View created

Creating view VW_V_OT_P_DISTRIBUCION
====================================


View created

Creating view VW_V_TERCEROMUNI
==============================


View created

Creating java source SEGURIDAD
==============================


create or replace and compile java source named seguridad as
import javax.crypto.spec.SecretKeySpec;
import javax.crypto.Cipher;

public class Seguridad
{
  public static void entry()
  {
  }

  public static String Encriptar(String cadena, String semilla )
  {

  try {
   String claveEncriptada = null;
   String claveOriginal = cadena;

   SecretKeySpec desKey = new SecretKeySpec(new String((semilla.trim().concat("99999999")).substring(0, 8)).getBytes(), "DES");
   Cipher cipher = Cipher.getInstance("DES/ECB/PKCS5Padding");
   cipher.init(Cipher.ENCRYPT_MODE, desKey);

   byte[] claveEncriptadaBytes = cipher.doFinal( claveOriginal.getBytes() );

   claveEncriptada = encode( claveEncriptadaBytes );

   return claveEncriptada;
   }
   catch (Exception error)
   {
    return null;
   }
  }

  public static String DesEncriptar(String cadena, String semilla )
  {

   try {
   String cadenaDesencriptada = null;
   byte[] claveDesc = decode( cadena );

  SecretKeySpec desKey = new SecretKeySpec(new String((semilla.trim().concat("99999999")).substring(0, 8)).getBytes(), "DES");

  Cipher cipher = Cipher.getInstance("DES/ECB/PKCS5Padding");

  cipher.init(Cipher.DECRYPT_MODE, desKey);

  cadenaDesencriptada = new String(cipher.doFinal(claveDesc));
  return cadenaDesencriptada;

  }
  catch (Exception error)
  {
   return null;
  }
  }

  private static char[]  map1 = new char[64];
   static {
      int i=0;
      for (char c='A'; c<='Z'; c++) map1[i++] = c;
      for (char c='a'; c<='z'; c++) map1[i++] = c;
      for (char c='0'; c<='9'; c++) map1[i++] = c;
      map1[i++] = '+'; map1[i++] = '/'; }

// Mapping table from Base64 characters to 6-bit nibbles.
   private static byte[] map2 = new byte[128];
     static {
      for (int i=0; i<map2.length; i++) map2[i] = -1;
      for (int i=0; i<64; i++) map2[map1[i]] = (byte)i;
      }

    public static String encode (byte[] in) {
     int iOff = 0;
     int iLen = in.length;
     int oDataLen = (iLen*4+2)/3;       // output length without padding
     int oLen = ((iLen+2)/3)*4;         // output length including padding
     char[] out = new char[oLen];
     int ip = iOff;
     int iEnd = iOff + iLen;
     int op = 0;
     while (ip < iEnd) {
        int i0 = in[ip++] & 0xff;
        int i1 = ip < iEnd ? in[ip++] & 0xff : 0;
        int i2 = ip < iEnd ? in[ip++] & 0xff : 0;
        int o0 = i0 >>> 2;
        int o1 = ((i0 &   3) << 4) | (i1 >>> 4);
        int o2 = ((i1 & 0xf) << 2) | (i2 >>> 6);
        int o3 = i2 & 0x3F;
        out[op++] = map1[o0];
        out[op++] = map1[o1];
        out[op] = op < oDataLen ? map1[o2] : '='; op++;
        out[op] = op < oDataLen ? map1[o3] : '='; op++; }
     return new String(out);
   }


    public static byte[] decode (String cadena) {


       char[] in;
       int iOff;
       int iLen;
       in = cadena.toCharArray();
       iOff = 0;
       iLen = in.length;
    try {

      if (iLen%4 != 0) throw new IllegalArgumentException ("Length of Base64 encoded input string is not a multiple of 4.");

      while (iLen > 0 && in[iOff+iLen-1] == '=') iLen--;
      int oLen = (iLen*3) / 4;
      byte[] out = new byte[oLen];
      int ip = iOff;
      int iEnd = iOff + iLen;
      int op = 0;
      while (ip < iEnd) {
         int i0 = in[ip++];
         int i1 = in[ip++];
         int i2 = ip < iEnd ? in[ip++] : 'A';
         int i3 = ip < iEnd ? in[ip++] : 'A';

         if (i0 > 127 || i1 > 127 || i2 > 127 || i3 > 127)
            throw new Exception ("Illegal character in Base64 encoded data.");

         int b0 = map2[i0];
         int b1 = map2[i1];
         int b2 = map2[i2];
         int b3 = map2[i3];
         if (b0 < 0 || b1 < 0 || b2 < 0 || b3 < 0)
            throw new Exception ("Illegal character in Base64 encoded data.");
         int o0 = ( b0       <<2) | (b1>>>4);
         int o1 = ((b1 & 0xf)<<4) | (b2>>>2);
         int o2 = ((b2 &   3)<<6) |  b3;
         out[op++] = (byte)o0;
         if (op<oLen) out[op++] = (byte)o1;
         if (op<oLen) out[op++] = (byte)o2;
       }
       return out;
       }
       catch (Exception error)
       {
          return null;
       }

   }

}

ORA-29538: Java not installed

Creating java source SHELL
==========================


create or replace and compile java source named shell as
import java.io.*; public class Shell {
  public static void entry()
  {
  }

  public static String Run(String command)
  {
   try
      {
       if (command == null )
          throw new Exception("Parametro Vacio");

      if (command.equals("") )
          throw new Exception("Parametro Vacio");


       String[] comandos = command.split("&");

       String[] comandosIni = comandos[0].split(" ");

       String[] lineaComando = new String[comandos.length - 1 + comandosIni.length];

       for (int i=0; i<comandosIni.length; i++)
          lineaComando[i] = comandosIni[i];

       int i = comandosIni.length;

       for (int j=1; j<comandos.length; j++)
           lineaComando[i++] = comandos[j];


       Runtime rt = java.lang.Runtime.getRuntime();
       Process p = rt.exec(lineaComando);
       p.waitFor();
       int r = p.exitValue();

       if (r == 0){
          String resultado = "";
          for (i=0; i<lineaComando.length; i++)
          {
            resultado += lineaComando[i] + "*";
          }
          return "0:" + resultado;
       }
       else
          return "" + r + "   :" +  command;

      }

   catch(Exception e)
   {
    return "999:" + e.getMessage();
   }
  }
}

ORA-29538: Java not installed

Creating package PK_ACUERDO
===========================


Package created

Creating package PK_BATCH
=========================


Package created

Creating package PK_CONTA_EXT
=============================


Package created

Creating package PK_CONTROL
===========================


Package created

Creating package PK_DESENCRIPTAR
================================


Package created

Creating package PK_DEVOLACH
============================


Package created

Creating package PK_ENVIO
=========================


Package created

Creating package PK_NOVDEV
==========================


Package created

Creating package PK_PARAM
=========================


Package created

Creating package PK_PROC
========================


Package created

Creating package PK_RECLOC
==========================


Package created

Creating package PK_REPROCESO
=============================


Package created

Creating package PK_SIMITCAPITAL
================================


Package created

Creating package PK_TECHO
=========================


Package created

Creating package PK_TERCERO_OT
==============================


Package created

Creating package PK_TEST
========================


Package created

Creating package PK_TRFPOLCA
============================


Package created

Creating package PK_VISTO
=========================


Package created

Creating package TYPES
======================


Package created

Creating type TOKEN_LIST
========================


Type created

Creating function SEGURIDAD_ENCRIPTAR
=====================================


Function created

Creating function ENCRIPTAR
===========================


Function created

Creating function FN
====================


Function created

Creating function FN_DAR_PARCONTA
=================================


Function created

Creating function FN_TOKEN
==========================


Function created

Creating procedure SP_EX
========================


Procedure created

Creating function FN_DIVIDE_ARCHIVO_AVVILLAS
============================================


Warning: Function created with compilation errors

Creating function FN_DIVIDE_ARCHIVO_DEP
=======================================


Warning: Function created with compilation errors

Creating function FN_DIVIDE_ARCHIVO_SIN
=======================================


Function created

Creating function FN_FEC_DISPERSION
===================================


Function created

Creating function FN_LIMPIARCADENA
==================================


Function created

Creating function FN_OBT_FECHA_PAGO
===================================


Function created

Creating function SHELL_RUN
===========================


Function created

Creating function SPLITTER_COUNT
================================


Function created

Creating function TOKENIZE
==========================


Function created

Creating procedure LOAD_FILE
============================


Warning: Procedure created with compilation errors

Creating procedure RECAUDO_LOCAL_COMP_POLCA
===========================================


Warning: Procedure created with compilation errors

Creating procedure PLANTILLA
============================


Warning: Procedure created with compilation errors

Creating procedure PRUEBASH
===========================


Warning: Procedure created with compilation errors

Creating procedure SP_CREACION_ASOBANCARIA2001
==============================================


Procedure created

Creating procedure SP_LOG
=========================


Procedure created

Creating procedure SP_ENVIARCORREO
==================================


Warning: Procedure created with compilation errors

Creating procedure SP_ENVIARCORREOHUGO
======================================


Warning: Procedure created with compilation errors

Creating procedure SP_ENVIARCORREOTEST
======================================


Warning: Procedure created with compilation errors

Creating procedure SP_ENVIONOTIFICACION
=======================================


Warning: Procedure created with compilation errors

Creating procedure SP_LIQ_REC_LOCAL
===================================


Warning: Procedure created with compilation errors

Creating procedure SP_LIQ_REC_LOCAL_BQUILLA
===========================================


Procedure created

Creating procedure SP_LIQ_REC_LOCAL_bquilla
===========================================


Warning: Procedure created with compilation errors

Creating procedure SP_LIQ_REC_LOCAL_PRUEBA
==========================================


Warning: Procedure created with compilation errors

Creating procedure SP_PARALELO_TEMP
===================================


Warning: Procedure created with compilation errors

Creating procedure SP_PARALELO_TEMP_OLD
=======================================


Warning: Procedure created with compilation errors

Creating procedure SP_V_USUARIO
===============================


Procedure created

Creating procedure VERLOGTEMP
=============================


Warning: Procedure created with compilation errors

Creating package body PK_ACUERDO
================================


Package body created

Creating package body PK_AUTEN
==============================


Warning: Package body created with compilation errors

Creating package body PK_BATCH
==============================


Package body created

Creating package body PK_CONTA_EXT
==================================


Package body created

Creating package body PK_CONTROL
================================


Warning: Package body created with compilation errors

Creating package body PK_DESENCRIPTAR
=====================================


Warning: Package body created with compilation errors

Creating package body PK_DEVOLACH
=================================


Package body created

Creating package body PK_ENVIO
==============================


Warning: Package body created with compilation errors

Creating package body PK_NOVDEV
===============================


Warning: Package body created with compilation errors

Creating package body PK_PARAM
==============================


Warning: Package body created with compilation errors

Creating package body PK_PROC
=============================


Warning: Package body created with compilation errors

Creating package body PK_RECLOC
===============================


Warning: Package body created with compilation errors

Creating package body PK_REPROCESO
==================================


Warning: Package body created with compilation errors

Creating package body PK_SIMITCAPITAL
=====================================


Package body created

Creating package body PK_TECHO
==============================


Package body created

Creating package body PK_TERCERO_OT
===================================


Package body created

Creating package body PK_TEST
=============================


Warning: Package body created with compilation errors

Creating package body PK_TRFPOLCA
=================================


Package body created

Creating package body PK_VISTO
==============================


Warning: Package body created with compilation errors

Creating trigger TRG_RECLOC_LIQHIS
==================================


Trigger created

Creating trigger TRG_TMP_VILLAS_091031
======================================


Trigger created

Creating trigger TR_NOTIFICA_CREACION_OT
========================================


Trigger created
